This is pdfTeX, Version 3.14159265-2.6-1.40.20 (TeX Live 2019/Debian) (preloaded format=pdflatex 2022.4.20)  20 APR 2022 18:47
entering extended mode
 restricted \write18 enabled.
 file:line:error style messages enabled.
 %&-line parsing enabled.
**/home/kajkitsu/praca_magisterska/praca2.tex
(/home/kajkitsu/praca_magisterska/praca2.tex
LaTeX2e <2020-02-02> patch level 2
L3 programming layer <2020-02-14> (/home/kajkitsu/praca_magisterska/./defs/WAT-WCY-1.0.tex (/usr/share/texlive/texmf-dist/tex/latex/koma-script/scrartcl.cls
Document Class: scrartcl 2020/01/24 v3.29 KOMA-Script document class (article)
(/usr/share/texlive/texmf-dist/tex/latex/koma-script/scrkbase.sty
Package: scrkbase 2020/01/24 v3.29 KOMA-Script package (KOMA-Script-dependent basics and keyval usage)
 (/usr/share/texlive/texmf-dist/tex/latex/koma-script/scrbase.sty
Package: scrbase 2020/01/24 v3.29 KOMA-Script package (KOMA-Script-independent basics and keyval usage)
 (/usr/share/texlive/texmf-dist/tex/latex/graphics/keyval.sty
Package: keyval 2014/10/28 v1.15 key=value parser (DPC)
\KV@toks@=\toks14
) (/usr/share/texlive/texmf-dist/tex/latex/koma-script/scrlfile.sty
Package: scrlfile 2020/01/24 v3.29 KOMA-Script package (loading files)
))) (/usr/share/texlive/texmf-dist/tex/latex/koma-script/tocbasic.sty
Package: tocbasic 2020/01/24 v3.29 KOMA-Script package (handling toc-files)
\scr@dte@tocline@numberwidth=\skip47
\scr@dte@tocline@numbox=\box45
)
Package tocbasic Info: omitting babel extension for `toc'
(tocbasic)             because of feature `nobabel' available
(tocbasic)             for `toc' on input line 137.


Package scrartcl Warning: You've used obsolete option `13pt'.
(scrartcl)                Usage of this option indicates an old document
(scrartcl)                and changes compatibility level using
(scrartcl)                `fontsize=13pt,version=first,
(scrartcl)                enabledeprecatedfontcommands' that may result
(scrartcl)                in further warnings.
(scrartcl)                If you don't want this, you should simply
(scrartcl)                replace option `13pt' by `fontsize=13pt'.

Class scrartcl Info: Switching compatibility level to `first'.

Class scrartcl Warning: deprecated option `enabledeprecatedfontcommands'.
(scrartcl)              Note, that this option was already depreacted when
(scrartcl)              it has been defined. Support for old font commands
(scrartcl)              has been removed from KOMA-Script more than one
(scrartcl)              decade ago. It is not recommended to use them any
(scrartcl)              longer. Therefore usage of this class option also
(scrartcl)              is not recommended.


LaTeX Font Warning: Font shape `OT1/cmr/m/n' in size <13> not available
(Font)              size <12> substituted on input line 2212.

(/usr/share/texlive/texmf-dist/tex/latex/koma-script/typearea.sty
Package: typearea 2020/01/24 v3.29 KOMA-Script package (type area)
\ta@bcor=\skip48
\ta@div=\count167
Package typearea Info: You've used standard option `a4paper'.
(typearea)             This is correct!
(typearea)             Internally I'm using `paper=a4'.
(typearea)             If you'd like to set the option with \KOMAoptions,
(typearea)             you'd have to use `paper=a4' there
(typearea)             instead of `a4paper', too.
\ta@hblk=\skip49
\ta@vblk=\skip50
\ta@temp=\skip51
\footheight=\skip52


Package typearea Warning: DIV for 13.0pt and used papersize
(typearea)                not defined!
(typearea)                Using DIV=calc.

DIV calculation for typearea with good linewidth.
Package typearea Info: These are the values describing the layout:
(typearea)             DIV  = 9
(typearea)             BCOR = 0.0pt
(typearea)             \paperwidth      = 597.50793pt
(typearea)              \textwidth      = 398.33862pt
(typearea)              DIV departure   = 0%
(typearea)              \evensidemargin = 60.50955pt
(typearea)              \oddsidemargin  = -5.88022pt
(typearea)             \paperheight     = 845.04694pt
(typearea)              \textheight     = 574.59857pt
(typearea)              \topmargin      = -21.27576pt
(typearea)              \headheight     = 19.49994pt
(typearea)              \headsep        = 23.39993pt
(typearea)              \topskip        = 13.0pt
(typearea)              \footskip       = 54.59984pt
(typearea)              \baselineskip   = 15.59996pt
(typearea)              on input line 1719.
)
\c@part=\count168
\c@section=\count169
\c@subsection=\count170
\c@subsubsection=\count171
\c@paragraph=\count172
\c@subparagraph=\count173
\scr@dte@section@maxnumwidth=\skip53
Class scrartcl Info: using compatibility default `runin=bysign'
(scrartcl)           for `\section on input line 4723.
Class scrartcl Info: using compatibility default `afterindent=bysign'
(scrartcl)           for `\section on input line 4723.
\scr@dte@part@maxnumwidth=\skip54
Class scrartcl Info: using compatibility default `afterindent=false'
(scrartcl)           for `\part on input line 4731.
\scr@dte@subsection@maxnumwidth=\skip55
Class scrartcl Info: using compatibility default `runin=bysign'
(scrartcl)           for `\subsection on input line 4741.
Class scrartcl Info: using compatibility default `afterindent=bysign'
(scrartcl)           for `\subsection on input line 4741.
\scr@dte@subsubsection@maxnumwidth=\skip56
Class scrartcl Info: using compatibility default `runin=bysign'
(scrartcl)           for `\subsubsection on input line 4751.
Class scrartcl Info: using compatibility default `afterindent=bysign'
(scrartcl)           for `\subsubsection on input line 4751.
\scr@dte@paragraph@maxnumwidth=\skip57
Class scrartcl Info: using compatibility default `runin=bysign'
(scrartcl)           for `\paragraph on input line 4761.
Class scrartcl Info: using compatibility default `afterindent=bysign'
(scrartcl)           for `\paragraph on input line 4761.
\scr@dte@subparagraph@maxnumwidth=\skip58
Class scrartcl Info: using compatibility default `runin=bysign'
(scrartcl)           for `\subparagraph on input line 4771.
Class scrartcl Info: using compatibility default `afterindent=bysign'
(scrartcl)           for `\subparagraph on input line 4771.
\abovecaptionskip=\skip59
\belowcaptionskip=\skip60
\c@pti@nb@sid@b@x=\box46
Package tocbasic Info: omitting babel extension for `lof'
(tocbasic)             because of feature `nobabel' available
(tocbasic)             for `lof' on input line 6002.
\scr@dte@figure@maxnumwidth=\skip61
\c@figure=\count174
Package tocbasic Info: omitting babel extension for `lot'
(tocbasic)             because of feature `nobabel' available
(tocbasic)             for `lot' on input line 6014.
\scr@dte@table@maxnumwidth=\skip62
\c@table=\count175
Class scrartcl Info: Using old \@makefntext due to compatibility level
(scrartcl)           less than 3.22 on input line 6165.
Class scrartcl Info: Redefining `\numberline' on input line 6178.
\bibindent=\dimen134
) (/usr/share/texlive/texmf-dist/tex/latex/geometry/geometry.sty
Package: geometry 2020/01/02 v5.9 Page Geometry
 (/usr/share/texlive/texmf-dist/tex/generic/iftex/ifvtex.sty
Package: ifvtex 2019/10/25 v1.7 ifvtex legacy package. Use iftex instead.
 (/usr/share/texlive/texmf-dist/tex/generic/iftex/iftex.sty
Package: iftex 2019/11/07 v1.0c TeX engine tests
))
\Gm@cnth=\count176
\Gm@cntv=\count177
\c@Gm@tempcnt=\count178
\Gm@bindingoffset=\dimen135
\Gm@wd@mp=\dimen136
\Gm@odd@mp=\dimen137
\Gm@even@mp=\dimen138
\Gm@layoutwidth=\dimen139
\Gm@layoutheight=\dimen140
\Gm@layouthoffset=\dimen141
\Gm@layoutvoffset=\dimen142
\Gm@dimlist=\toks15
) (/usr/share/texlive/texmf-dist/tex/latex/base/fontenc.sty
Package: fontenc 2020/02/11 v2.0o Standard LaTeX package


LaTeX Font Warning: Font shape `T1/cmr/m/n' in size <13> not available
(Font)              size <12> substituted on input line 112.

) (/usr/share/texlive/texmf-dist/tex/generic/babel/babel.sty
Package: babel 2020/02/14 3.40 The Babel package
 (/usr/share/texlive/texmf-dist/tex/generic/babel/switch.def
File: switch.def 2020/02/14 3.40 Babel switching mechanism
) (/usr/share/texlive/texmf-dist/tex/generic/babel-polish/polish.ldf
Language: polish 2005/03/31 v1.2l Polish support from the babel system
 (/usr/share/texlive/texmf-dist/tex/generic/babel/babel.def
File: babel.def 2020/02/14 3.40 Babel common definitions
\babel@savecnt=\count179
\U@D=\dimen143
 (/usr/share/texlive/texmf-dist/tex/generic/babel/txtbabel.def)
\bbl@readstream=\read2
\bbl@dirlevel=\count180
)
Package babel Info: Making " an active character on input line 83.
\pl@left=\dimen144
\pl@down=\dimen145
\pl@right=\dimen146
\pl@temp=\dimen147
)) (/usr/share/texlive/texmf-dist/tex/latex/base/inputenc.sty
Package: inputenc 2018/08/11 v1.3c Input encoding file
\inpenc@prehook=\toks16
\inpenc@posthook=\toks17
) (/usr/share/texlive/texmf-dist/tex/latex/psnfss/mathptmx.sty
Package: mathptmx 2005/04/12 PSNFSS-v9.2a Times w/ Math, improved (SPQR, WaS) 
LaTeX Font Info:    Redeclaring symbol font `operators' on input line 28.
LaTeX Font Info:    Overwriting symbol font `operators' in version `normal'
(Font)                  OT1/cmr/m/n --> OT1/ztmcm/m/n on input line 28.
LaTeX Font Info:    Overwriting symbol font `operators' in version `bold'
(Font)                  OT1/cmr/bx/n --> OT1/ztmcm/m/n on input line 28.
LaTeX Font Info:    Redeclaring symbol font `letters' on input line 29.
LaTeX Font Info:    Overwriting symbol font `letters' in version `normal'
(Font)                  OML/cmm/m/it --> OML/ztmcm/m/it on input line 29.
LaTeX Font Info:    Overwriting symbol font `letters' in version `bold'
(Font)                  OML/cmm/b/it --> OML/ztmcm/m/it on input line 29.
LaTeX Font Info:    Redeclaring symbol font `symbols' on input line 30.
LaTeX Font Info:    Overwriting symbol font `symbols' in version `normal'
(Font)                  OMS/cmsy/m/n --> OMS/ztmcm/m/n on input line 30.
LaTeX Font Info:    Overwriting symbol font `symbols' in version `bold'
(Font)                  OMS/cmsy/b/n --> OMS/ztmcm/m/n on input line 30.
LaTeX Font Info:    Redeclaring symbol font `largesymbols' on input line 31.
LaTeX Font Info:    Overwriting symbol font `largesymbols' in version `normal'
(Font)                  OMX/cmex/m/n --> OMX/ztmcm/m/n on input line 31.
LaTeX Font Info:    Overwriting symbol font `largesymbols' in version `bold'
(Font)                  OMX/cmex/m/n --> OMX/ztmcm/m/n on input line 31.
\symbold=\mathgroup4
\symitalic=\mathgroup5
LaTeX Font Info:    Redeclaring math alphabet \mathbf on input line 34.
LaTeX Font Info:    Overwriting math alphabet `\mathbf' in version `normal'
(Font)                  OT1/cmr/bx/n --> OT1/ptm/bx/n on input line 34.
LaTeX Font Info:    Overwriting math alphabet `\mathbf' in version `bold'
(Font)                  OT1/cmr/bx/n --> OT1/ptm/bx/n on input line 34.
LaTeX Font Info:    Redeclaring math alphabet \mathit on input line 35.
LaTeX Font Info:    Overwriting math alphabet `\mathit' in version `normal'
(Font)                  OT1/cmr/m/it --> OT1/ptm/m/it on input line 35.
LaTeX Font Info:    Overwriting math alphabet `\mathit' in version `bold'
(Font)                  OT1/cmr/bx/it --> OT1/ptm/m/it on input line 35.
LaTeX Info: Redefining \hbar on input line 50.
) (/usr/share/texlive/texmf-dist/tex/latex/psnfss/courier.sty
Package: courier 2005/04/12 PSNFSS-v9.2a (WaS) 
) (/usr/share/texlive/texmf-dist/tex/generic/ulem/ulem.sty
\UL@box=\box47
\UL@hyphenbox=\box48
\UL@skip=\skip63
\UL@hook=\toks18
\UL@height=\dimen148
\UL@pe=\count181
\UL@pixel=\dimen149
\ULC@box=\box49
Package: ulem 2019/11/18
\ULdepth=\dimen150
) (/usr/share/texlive/texmf-dist/tex/latex/sectsty/sectsty.sty
Package: sectsty 2002/02/25 v2.0.2 Commands to change all sectional heading styles


LaTeX Warning: Command \underbar  has changed.
               Check if current package is valid.


LaTeX Warning: Command \underline  has changed.
               Check if current package is valid.

)

Class scrartcl Warning: Incompatible package `sectsty' loaded!
(scrartcl)              Package `sectsty' up to version 2.0.2 is incompatible
(scrartcl)              with KOMA-Script from version 2.8e released in 2001.
(scrartcl)              You should avoid that package and configure the
(scrartcl)              section titles of your document using the KOMA-Script
(scrartcl)              user interface, e.g., \chapterlinesformat,
(scrartcl)              \RedeclareSectionCommand etc. or you should ask
(scrartcl)              the `sectsty' maintainer for a more compatible release.
(scrartcl)              Ignoring this warning could result in several error
(scrartcl)              messages and formatting issues after loading package
(scrartcl)              `sectsty' on input line 20.


Class scrartcl Warning: Usage of package `tocloft' together
(scrartcl)              with a KOMA-Script class is not recommended.
(scrartcl)              I'd suggest to use options like `listof=entryprefix',
(scrartcl)              commands like `\listoflofentryname' or
(scrartcl)              `\listoflotentryname', and `\DeclareTOCStyleEntry' or
(scrartcl)              `\RedeclareSectionCommand' instead of this package,
(scrartcl)              because it breaks several KOMA-Script features of
(scrartcl)              the list of figures, list of tables and table of
(scrartcl)              contents, i.e., options like `listof=numbered',
(scrartcl)              `listof=flat or `toc=flat', commands like
(scrartcl)              `\BeforeTOCHead{...}' and `\AfterTOCHead{...}',
(scrartcl)              `\BeforeStartingTOC{...}' and \AfterStartingTOC{...}',
(scrartcl)              all features of `\DeclareTOCStyleEntry',
(scrartcl)              and the ToC entry features of `\DeclareSecionCommand'
(scrartcl)              and `\RedeclareSectionCommand' of levels
(scrartcl)              `part', `chapter', `section', `subsection',
(scrartcl)              `subsubsection', `paragraph' and `subparagraph'.
(scrartcl)              Nevertheless, using requested
(scrartcl)              package `tocloft' on input line 23.

(/usr/share/texlive/texmf-dist/tex/latex/tocloft/tocloft.sty
Package: tocloft 2017/08/31 v2.3i parameterised ToC, etc., typesetting
Package tocloft Info: The document has section divisions on input line 51.
\cftparskip=\skip64
\cftbeforetoctitleskip=\skip65
\cftaftertoctitleskip=\skip66
\cftbeforepartskip=\skip67
\cftpartnumwidth=\skip68
\cftpartindent=\skip69
\cftbeforesecskip=\skip70
\cftsecindent=\skip71
\cftsecnumwidth=\skip72
\cftbeforesubsecskip=\skip73
\cftsubsecindent=\skip74
\cftsubsecnumwidth=\skip75
\cftbeforesubsubsecskip=\skip76
\cftsubsubsecindent=\skip77
\cftsubsubsecnumwidth=\skip78
\cftbeforeparaskip=\skip79
\cftparaindent=\skip80
\cftparanumwidth=\skip81
\cftbeforesubparaskip=\skip82
\cftsubparaindent=\skip83
\cftsubparanumwidth=\skip84
\cftbeforeloftitleskip=\skip85
\cftafterloftitleskip=\skip86
\cftbeforefigskip=\skip87
\cftfigindent=\skip88
\cftfignumwidth=\skip89
\c@lofdepth=\count182
\c@lotdepth=\count183
\cftbeforelottitleskip=\skip90
\cftafterlottitleskip=\skip91
\cftbeforetabskip=\skip92
\cfttabindent=\skip93
\cfttabnumwidth=\skip94
) (/usr/share/texlive/texmf-dist/tex/latex/amsmath/amsmath.sty
Package: amsmath 2020/01/20 v2.17e AMS math features
\@mathmargin=\skip95

For additional information on amsmath, use the `?' option.
(/usr/share/texlive/texmf-dist/tex/latex/amsmath/amstext.sty
Package: amstext 2000/06/29 v2.01 AMS text
 (/usr/share/texlive/texmf-dist/tex/latex/amsmath/amsgen.sty
File: amsgen.sty 1999/11/30 v2.0 generic functions
\@emptytoks=\toks19
\ex@=\dimen151
)) (/usr/share/texlive/texmf-dist/tex/latex/amsmath/amsbsy.sty
Package: amsbsy 1999/11/29 v1.2d Bold Symbols
\pmbraise@=\dimen152
) (/usr/share/texlive/texmf-dist/tex/latex/amsmath/amsopn.sty
Package: amsopn 2016/03/08 v2.02 operator names
)
\inf@bad=\count184
LaTeX Info: Redefining \frac on input line 227.
\uproot@=\count185
\leftroot@=\count186
LaTeX Info: Redefining \overline on input line 389.
\classnum@=\count187
\DOTSCASE@=\count188
LaTeX Info: Redefining \ldots on input line 486.
LaTeX Info: Redefining \dots on input line 489.
LaTeX Info: Redefining \cdots on input line 610.
\Mathstrutbox@=\box50
\strutbox@=\box51
\big@size=\dimen153
LaTeX Font Info:    Redeclaring font encoding OML on input line 733.
LaTeX Font Info:    Redeclaring font encoding OMS on input line 734.
\macc@depth=\count189
\c@MaxMatrixCols=\count190
\dotsspace@=\muskip16
\c@parentequation=\count191
\dspbrk@lvl=\count192
\tag@help=\toks20
\row@=\count193
\column@=\count194
\maxfields@=\count195
\andhelp@=\toks21
\eqnshift@=\dimen154
\alignsep@=\dimen155
\tagshift@=\dimen156
\tagwidth@=\dimen157
\totwidth@=\dimen158
\lineht@=\dimen159
\@envbody=\toks22
\multlinegap=\skip96
\multlinetaggap=\skip97
\mathdisplay@stack=\toks23
LaTeX Info: Redefining \[ on input line 2859.
LaTeX Info: Redefining \] on input line 2860.
) (/usr/share/texlive/texmf-dist/tex/latex/amsfonts/amsfonts.sty
Package: amsfonts 2013/01/14 v3.01 Basic AMSFonts support
\symAMSa=\mathgroup6
\symAMSb=\mathgroup7
LaTeX Font Info:    Overwriting math alphabet `\mathfrak' in version `bold'
(Font)                  U/euf/m/n --> U/euf/b/n on input line 106.
) (/usr/share/texlive/texmf-dist/tex/latex/amscls/amsthm.sty
Package: amsthm 2017/10/31 v2.20.4
\thm@style=\toks24
\thm@bodyfont=\toks25
\thm@headfont=\toks26
\thm@notefont=\toks27
\thm@headpunct=\toks28
\thm@preskip=\skip98
\thm@postskip=\skip99
\thm@headsep=\skip100
\dth@everypar=\toks29
) (/usr/share/texlive/texmf-dist/tex/latex/xpatch/xpatch.sty (/usr/share/texlive/texmf-dist/tex/latex/l3kernel/expl3.sty
Package: expl3 2020-02-14 L3 programming layer (loader) 
 (/usr/share/texlive/texmf-dist/tex/latex/l3backend/l3backend-pdfmode.def
File: l3backend-pdfmode.def 2020-02-03 L3 backend support: PDF mode
\l__kernel_color_stack_int=\count196
\l__pdf_internal_box=\box52
))
Package: xpatch 2012/10/02 v0.3 Extending etoolbox patching commands
 (/usr/share/texlive/texmf-dist/tex/latex/l3packages/xparse/xparse.sty
Package: xparse 2020-02-14 L3 Experimental document command parser
\l__xparse_current_arg_int=\count197
\g__xparse_grabber_int=\count198
\l__xparse_m_args_int=\count199
\l__xparse_v_nesting_int=\count266
) (/usr/share/texlive/texmf-dist/tex/latex/etoolbox/etoolbox.sty
Package: etoolbox 2019/09/21 v2.5h e-TeX tools for LaTeX (JAW)
\etb@tempcnta=\count267
))
Class scrartcl Info: amsthm's \deferred@thm@head patched.
 (/usr/share/texlive/texmf-dist/tex/latex/graphics/color.sty
Package: color 2019/11/23 v1.2a Standard LaTeX Color (DPC)
 (/usr/share/texlive/texmf-dist/tex/latex/graphics-cfg/color.cfg
File: color.cfg 2016/01/02 v1.6 sample color configuration
)
Package color Info: Driver file: pdftex.def on input line 147.
 (/usr/share/texlive/texmf-dist/tex/latex/graphics-def/pdftex.def
File: pdftex.def 2018/01/08 v1.0l Graphics/color driver for pdftex
)) (/usr/share/texlive/texmf-dist/tex/latex/float/float.sty
Package: float 2001/11/08 v1.3d Float enhancements (AL)
\c@float@type=\count268
\float@exts=\toks30
\float@box=\box53
\@float@everytoks=\toks31
\@floatcapt=\box54
) (/usr/share/texlive/texmf-dist/tex/latex/verbatimbox/verbatimbox.sty
Package: verbatimbox 2014/03/12 v3.13 Routines for placing verbatim text into boxes, useful in places where the verbatim environment is inaccessible. Secondarily, for adding vertical buffer around an object.
 (/usr/share/texlive/texmf-dist/tex/latex/tools/verbatim.sty
Package: verbatim 2019/11/10 v1.5r LaTeX2e package for verbatim enhancements
\every@verbatim=\toks32
\verbatim@line=\toks33
\verbatim@in@stream=\read3
) (/usr/share/texlive/texmf-dist/tex/latex/readarray/readarray.sty
Package: readarray 2016/11/07\ 2.0\ Routines for inputting 2D and 3D array data and recalling it on an element-by-element basis.
 (/usr/share/texlive/texmf-dist/tex/latex/base/ifthen.sty
Package: ifthen 2014/09/29 v1.1c Standard LaTeX ifthen package (DPC)
) (/usr/share/texlive/texmf-dist/tex/generic/listofitems/listofitems.sty (/usr/share/texlive/texmf-dist/tex/generic/listofitems/listofitems.tex
\loi_cnt_foreach_nest=\count269
\loi_nestcnt=\count270
)
Package: listofitems 2019/08/21 v1.63 Grab items in lists using user-specified sep char (CT)
)
\c@@index=\count271
\c@@plane=\count272
\c@@row=\count273
\c@@col=\count274
\c@use@args=\count275
\c@@record=\count276
\c@arg@index=\count277
\c@break@count=\count278
\c@index@count=\count279
\c@loop@count=\count280
\Arg@toks=\toks34
\@arrayident@toks=\toks35
\rdar@file=\read4

readarray: bounds checking OFF
)
\savedverbbox=\box55
\c@VerbboxLineNo=\count281
\boxtopsep=\dimen160
\boxbottomsep=\dimen161
\ps@tempdima=\dimen162
\ps@tempboxa=\box56
\boxtop@sep=\skip101
\boxbottom@sep=\skip102
) (/usr/share/texlive/texmf-dist/tex/latex/algorithms/algorithm.sty
Package: algorithm 2009/08/24 v0.1 Document Style `algorithm' - floating environment
\@float@every@algorithm=\toks36
\c@algorithm=\count282
) (/usr/share/texlive/texmf-dist/tex/latex/graphics/graphicx.sty
Package: graphicx 2019/11/30 v1.2a Enhanced LaTeX Graphics (DPC,SPQR)
 (/usr/share/texlive/texmf-dist/tex/latex/graphics/graphics.sty
Package: graphics 2019/11/30 v1.4a Standard LaTeX Graphics (DPC,SPQR)
 (/usr/share/texlive/texmf-dist/tex/latex/graphics/trig.sty
Package: trig 2016/01/03 v1.10 sin cos tan (DPC)
) (/usr/share/texlive/texmf-dist/tex/latex/graphics-cfg/graphics.cfg
File: graphics.cfg 2016/06/04 v1.11 sample graphics configuration
)
Package graphics Info: Driver file: pdftex.def on input line 105.
)
\Gin@req@height=\dimen163
\Gin@req@width=\dimen164
) (/usr/share/texlive/texmf-dist/tex/latex/tools/longtable.sty
Package: longtable 2020/01/07 v4.13 Multi-page Table package (DPC)
\LTleft=\skip103
\LTright=\skip104
\LTpre=\skip105
\LTpost=\skip106
\LTchunksize=\count283
\LTcapwidth=\dimen165
\LT@head=\box57
\LT@firsthead=\box58
\LT@foot=\box59
\LT@lastfoot=\box60
\LT@cols=\count284
\LT@rows=\count285
\c@LT@tables=\count286
\c@LT@chunks=\count287
\LT@p@ftn=\toks37
)
Class scrartcl Info: longtable captions redefined on input line 81.
 (/usr/share/texlive/texmf-dist/tex/latex/caption/caption.sty
Package: caption 2020/01/03 v3.4h Customizing captions (AR)
 (/usr/share/texlive/texmf-dist/tex/latex/caption/caption3.sty
Package: caption3 2020/01/03 v1.8h caption3 kernel (AR)
Package caption3 Info: TeX engine: e-TeX on input line 61.
\captionmargin=\dimen166
\captionmargin@=\dimen167
\captionwidth=\dimen168
\caption@tempdima=\dimen169
\caption@indent=\dimen170
\caption@parindent=\dimen171
\caption@hangindent=\dimen172
Package caption Info: KOMA-Script document class detected.
)
Package caption Info: KOMA-Script document class.
\c@caption@flags=\count288
\c@continuedfloat=\count289
Package caption Info: float package is loaded.
Package caption Info: longtable package is loaded.
 (/usr/share/texlive/texmf-dist/tex/latex/caption/ltcaption.sty
Package: ltcaption 2018/08/26 v1.4a longtable captions (AR)
)) (/usr/share/texlive/texmf-dist/tex/latex/listings/listings.sty
\lst@mode=\count290
\lst@gtempboxa=\box61
\lst@token=\toks38
\lst@length=\count291
\lst@currlwidth=\dimen173
\lst@column=\count292
\lst@pos=\count293
\lst@lostspace=\dimen174
\lst@width=\dimen175
\lst@newlines=\count294
\lst@lineno=\count295
\lst@maxwidth=\dimen176
 (/usr/share/texlive/texmf-dist/tex/latex/listings/lstmisc.sty
File: lstmisc.sty 2019/09/10 1.8c (Carsten Heinz)
\c@lstnumber=\count296
\lst@skipnumbers=\count297
\lst@framebox=\box62
) (/usr/share/texlive/texmf-dist/tex/latex/listings/listings.cfg
File: listings.cfg 2019/09/10 1.8c listings configuration
))
Package: listings 2019/09/10 1.8c (Carsten Heinz)
 (/usr/share/texlive/texmf-dist/tex/latex/url/url.sty
\Urlmuskip=\muskip17
Package: url 2013/09/16  ver 3.4  Verb mode for urls, etc.
) (/usr/share/texlive/texmf-dist/tex/latex/hyperref/hyperref.sty
Package: hyperref 2020/01/14 v7.00d Hypertext links for LaTeX
 (/usr/share/texlive/texmf-dist/tex/generic/ltxcmds/ltxcmds.sty
Package: ltxcmds 2019/12/15 v1.24 LaTeX kernel commands for general use (HO)
) (/usr/share/texlive/texmf-dist/tex/latex/pdftexcmds/pdftexcmds.sty
Package: pdftexcmds 2019/11/24 v0.31 Utility functions of pdfTeX for LuaTeX (HO)
 (/usr/share/texlive/texmf-dist/tex/generic/infwarerr/infwarerr.sty
Package: infwarerr 2019/12/03 v1.5 Providing info/warning/error messages (HO)
)
Package pdftexcmds Info: \pdf@primitive is available.
Package pdftexcmds Info: \pdf@ifprimitive is available.
Package pdftexcmds Info: \pdfdraftmode found.
) (/usr/share/texlive/texmf-dist/tex/generic/kvsetkeys/kvsetkeys.sty
Package: kvsetkeys 2019/12/15 v1.18 Key value parser (HO)
) (/usr/share/texlive/texmf-dist/tex/generic/kvdefinekeys/kvdefinekeys.sty
Package: kvdefinekeys 2019-12-19 v1.6 Define keys (HO)
) (/usr/share/texlive/texmf-dist/tex/generic/pdfescape/pdfescape.sty
Package: pdfescape 2019/12/09 v1.15 Implements pdfTeX's escape features (HO)
) (/usr/share/texlive/texmf-dist/tex/latex/hycolor/hycolor.sty
Package: hycolor 2020-01-27 v1.10 Color options for hyperref/bookmark (HO)
) (/usr/share/texlive/texmf-dist/tex/latex/letltxmacro/letltxmacro.sty
Package: letltxmacro 2019/12/03 v1.6 Let assignment for LaTeX macros (HO)
) (/usr/share/texlive/texmf-dist/tex/latex/auxhook/auxhook.sty
Package: auxhook 2019-12-17 v1.6 Hooks for auxiliary files (HO)
) (/usr/share/texlive/texmf-dist/tex/latex/kvoptions/kvoptions.sty
Package: kvoptions 2019/11/29 v3.13 Key value format for package options (HO)
)
\@linkdim=\dimen177
\Hy@linkcounter=\count298
\Hy@pagecounter=\count299
 (/usr/share/texlive/texmf-dist/tex/latex/hyperref/pd1enc.def
File: pd1enc.def 2020/01/14 v7.00d Hyperref: PDFDocEncoding definition (HO)
Now handling font encoding PD1 ...
... no UTF-8 mapping file for font encoding PD1
) (/usr/share/texlive/texmf-dist/tex/generic/intcalc/intcalc.sty
Package: intcalc 2019/12/15 v1.3 Expandable calculations with integers (HO)
) (/usr/share/texlive/texmf-dist/tex/generic/etexcmds/etexcmds.sty
Package: etexcmds 2019/12/15 v1.7 Avoid name clashes with e-TeX commands (HO)
)
\Hy@SavedSpaceFactor=\count300
\pdfmajorversion=\count301
Package hyperref Info: Hyper figures OFF on input line 4547.
Package hyperref Info: Link nesting OFF on input line 4552.
Package hyperref Info: Hyper index ON on input line 4555.
Package hyperref Info: Plain pages OFF on input line 4562.
Package hyperref Info: Backreferencing OFF on input line 4567.
Package hyperref Info: Implicit mode ON; LaTeX internals redefined.
Package hyperref Info: Bookmarks ON on input line 4800.
\c@Hy@tempcnt=\count302
LaTeX Info: Redefining \url on input line 5159.
\XeTeXLinkMargin=\dimen178
 (/usr/share/texlive/texmf-dist/tex/generic/bitset/bitset.sty
Package: bitset 2019/12/09 v1.3 Handle bit-vector datatype (HO)
 (/usr/share/texlive/texmf-dist/tex/generic/bigintcalc/bigintcalc.sty
Package: bigintcalc 2019/12/15 v1.5 Expandable calculations on big integers (HO)
))
\Fld@menulength=\count303
\Field@Width=\dimen179
\Fld@charsize=\dimen180
Package hyperref Info: Hyper figures OFF on input line 6430.
Package hyperref Info: Link nesting OFF on input line 6435.
Package hyperref Info: Hyper index ON on input line 6438.
Package hyperref Info: backreferencing OFF on input line 6445.
Package hyperref Info: Link coloring OFF on input line 6450.
Package hyperref Info: Link coloring with OCG OFF on input line 6455.
Package hyperref Info: PDF/A mode OFF on input line 6460.
LaTeX Info: Redefining \ref on input line 6500.
LaTeX Info: Redefining \pageref on input line 6504.
 (/usr/share/texlive/texmf-dist/tex/generic/atbegshi/atbegshi.sty
Package: atbegshi 2019/12/05 v1.19 At begin shipout hook (HO)
)
\Hy@abspage=\count304
\c@Item=\count305
\c@Hfootnote=\count306
)
Package hyperref Info: Driver (autodetected): hpdftex.
 (/usr/share/texlive/texmf-dist/tex/latex/hyperref/hpdftex.def
File: hpdftex.def 2020/01/14 v7.00d Hyperref driver for pdfTeX
 (/usr/share/texlive/texmf-dist/tex/latex/atveryend/atveryend.sty
Package: atveryend 2019-12-11 v1.11 Hooks at the very end of document (HO)
)
\Fld@listcount=\count307
\c@bookmark@seq@number=\count308
 (/usr/share/texlive/texmf-dist/tex/latex/rerunfilecheck/rerunfilecheck.sty
Package: rerunfilecheck 2019/12/05 v1.9 Rerun checks for auxiliary files (HO)
 (/usr/share/texlive/texmf-dist/tex/generic/uniquecounter/uniquecounter.sty
Package: uniquecounter 2019/12/15 v1.4 Provide unlimited unique counter (HO)
)
Package uniquecounter Info: New unique counter `rerunfilecheck' on input line 286.
)
\Hy@SectionHShift=\skip107
)

Class scrartcl Warning: Usage of package `fancyhdr' together
(scrartcl)              with a KOMA-Script class is not recommended.
(scrartcl)              I'd suggest to use 
(scrartcl)              package `scrlayer' or `scrlayer-scrpage', because
(scrartcl)              they support KOMA-Script classes.
(scrartcl)              With `fancyhdr' several features of class `scrartcl'
(scrartcl)              like options `headsepline', `footsepline' or command
(scrartcl)              `\MakeMarkcase' and the commands `\setkomafont' and
(scrartcl)              `\addtokomafont' for the page style elements need
(scrartcl)              explicite user intervention to work.
(scrartcl)              Nevertheless, using requested
(scrartcl)              package `fancyhdr' on input line 101.

(/usr/share/texlive/texmf-dist/tex/latex/fancyhdr/fancyhdr.sty
Package: fancyhdr 2019/01/31 v3.10 Extensive control of page headers and footers
\f@nch@headwidth=\skip108
\f@nch@O@elh=\skip109
\f@nch@O@erh=\skip110
\f@nch@O@olh=\skip111
\f@nch@O@orh=\skip112
\f@nch@O@elf=\skip113
\f@nch@O@erf=\skip114
\f@nch@O@olf=\skip115
\f@nch@O@orf=\skip116
)) (/home/kajkitsu/praca_magisterska/praca2.aux)
\openout1 = `praca2.aux'.

LaTeX Font Info:    Checking defaults for OML/cmm/m/it on input line 20.
LaTeX Font Info:    ... okay on input line 20.
LaTeX Font Info:    Checking defaults for OMS/cmsy/m/n on input line 20.
LaTeX Font Info:    ... okay on input line 20.
LaTeX Font Info:    Checking defaults for OT1/cmr/m/n on input line 20.
LaTeX Font Info:    ... okay on input line 20.
LaTeX Font Info:    Checking defaults for T1/cmr/m/n on input line 20.
LaTeX Font Info:    ... okay on input line 20.
LaTeX Font Info:    Checking defaults for TS1/cmr/m/n on input line 20.
LaTeX Font Info:    ... okay on input line 20.
LaTeX Font Info:    Checking defaults for OMX/cmex/m/n on input line 20.
LaTeX Font Info:    ... okay on input line 20.
LaTeX Font Info:    Checking defaults for U/cmr/m/n on input line 20.
LaTeX Font Info:    ... okay on input line 20.
LaTeX Font Info:    Checking defaults for PD1/pdf/m/n on input line 20.
LaTeX Font Info:    ... okay on input line 20.
LaTeX Font Info:    Trying to load font information for T1+ptm on input line 20.
 (/usr/share/texlive/texmf-dist/tex/latex/psnfss/t1ptm.fd
File: t1ptm.fd 2001/06/04 font definitions for T1/ptm.
)
*geometry* driver: auto-detecting
*geometry* detected driver: pdftex
*geometry* verbose mode - [ preamble ] result:
* driver: pdftex
* paper: a4paper
* layout: <same size as paper>
* layoutoffset:(h,v)=(0.0pt,0.0pt)
* bindingoffset: 28.45274pt
* modes: twoside 
* h-part:(L,W,R)=(56.9055pt, 455.24413pt, 56.9055pt)
* v-part:(T,H,B)=(71.13188pt, 702.78308pt, 71.13188pt)
* \paperwidth=597.50787pt
* \paperheight=845.04684pt
* \textwidth=455.24413pt
* \textheight=702.78308pt
* \oddsidemargin=13.08826pt
* \evensidemargin=-15.36449pt
* \topmargin=-44.03798pt
* \headheight=19.49994pt
* \headsep=23.39993pt
* \topskip=13.0pt
* \footskip=54.59984pt
* \marginparwidth=99.58466pt
* \marginparsep=12.8401pt
* \columnsep=10.0pt
* \skip\footins=11.69992pt plus 4.33287pt minus 7.80008pt
* \hoffset=0.0pt
* \voffset=0.0pt
* \mag=1000
* \@twocolumnfalse
* \@twosidetrue
* \@mparswitchtrue
* \@reversemarginfalse
* (1in=72.27pt=25.4mm, 1cm=28.453pt)

(/usr/share/texlive/texmf-dist/tex/context/base/mkii/supp-pdf.mkii
[Loading MPS to PDF converter (version 2006.09.02).]
\scratchcounter=\count309
\scratchdimen=\dimen181
\scratchbox=\box63
\nofMPsegments=\count310
\nofMParguments=\count311
\everyMPshowfont=\toks39
\MPscratchCnt=\count312
\MPscratchDim=\dimen182
\MPnumerator=\count313
\makeMPintoPDFobject=\count314
\everyMPtoPDFconversion=\toks40
) (/usr/share/texlive/texmf-dist/tex/latex/epstopdf-pkg/epstopdf-base.sty
Package: epstopdf-base 2020-01-24 v2.11 Base part for package epstopdf
Package epstopdf-base Info: Redefining graphics rule for `.eps' on input line 485.
 (/usr/share/texlive/texmf-dist/tex/latex/latexconfig/epstopdf-sys.cfg
File: epstopdf-sys.cfg 2010/07/13 v1.3 Configuration of (r)epstopdf for TeX Live
))
Package caption Info: Begin \AtBeginDocument code.
Package caption Info: hyperref package is loaded.
Package caption Info: listings package is loaded.
Package caption Info: End \AtBeginDocument code.
\c@lstlisting=\count315
\AtBeginShipoutBox=\box64
Package hyperref Info: Link coloring OFF on input line 20.
 (/usr/share/texlive/texmf-dist/tex/latex/hyperref/nameref.sty
Package: nameref 2019/09/16 v2.46 Cross-referencing by name of section
 (/usr/share/texlive/texmf-dist/tex/latex/refcount/refcount.sty
Package: refcount 2019/12/15 v3.6 Data extraction from label references (HO)
) (/usr/share/texlive/texmf-dist/tex/generic/gettitlestring/gettitlestring.sty
Package: gettitlestring 2019/12/15 v1.6 Cleanup title references (HO)
)
\c@section@level=\count316
)
LaTeX Info: Redefining \ref on input line 20.
LaTeX Info: Redefining \pageref on input line 20.
LaTeX Info: Redefining \nameref on input line 20.
 (/home/kajkitsu/praca_magisterska/praca2.out) (/home/kajkitsu/praca_magisterska/praca2.out)
\@outlinefile=\write3
\openout3 = `praca2.out'.

Class scrartcl Info: loading recommended package `bookmark'.
(scrartcl)           Using `bookmark' together with `hyperref' is recommended,
(scrartcl)           because of handling of possible bookmark level gaps.
(scrartcl)           You can avoid loading `bookmark' with KOMA-Script option
(scrartcl)           `bookmarkpackage=false' before \begin{document} and
(scrartcl)           you can avoid this message adding:
(scrartcl)             \usepackage{bookmark}
(scrartcl)           before \begin{document} on input line 20.
 (/usr/share/texlive/texmf-dist/tex/latex/bookmark/bookmark.sty
Package: bookmark 2019/12/03 v1.28 PDF bookmarks (HO)
 (/usr/share/texlive/texmf-dist/tex/latex/bookmark/bkm-pdftex.def
File: bkm-pdftex.def 2019/12/03 v1.28 bookmark driver for pdfTeX (HO)
Package auxhook Info: \AddLineBeginMainAux comes a little late,
(auxhook)             because the main .aux file is already opened on input line 168.
\BKM@id=\count317
))
Package scrbase Info: activating polish \refname on input line 20.
<./defs/WAT.png, id=4, 587.19376pt x 763.85374pt>
File: ./defs/WAT.png Graphic file (type png)
<use ./defs/WAT.png>
Package pdftex.def Info: ./defs/WAT.png  used on input line 22.
(pdftex.def)             Requested size: 113.81102pt x 148.04758pt.
LaTeX Font Info:    Calculating math sizes for size <20> on input line 22.
LaTeX Font Info:    Trying to load font information for OT1+ztmcm on input line 22.
 (/usr/share/texlive/texmf-dist/tex/latex/psnfss/ot1ztmcm.fd
File: ot1ztmcm.fd 2000/01/03 Fontinst v1.801 font definitions for OT1/ztmcm.
)
LaTeX Font Info:    Trying to load font information for OML+ztmcm on input line 22.
 (/usr/share/texlive/texmf-dist/tex/latex/psnfss/omlztmcm.fd
File: omlztmcm.fd 2000/01/03 Fontinst v1.801 font definitions for OML/ztmcm.
)
LaTeX Font Info:    Trying to load font information for OMS+ztmcm on input line 22.
 (/usr/share/texlive/texmf-dist/tex/latex/psnfss/omsztmcm.fd
File: omsztmcm.fd 2000/01/03 Fontinst v1.801 font definitions for OMS/ztmcm.
)
LaTeX Font Info:    Trying to load font information for OMX+ztmcm on input line 22.
 (/usr/share/texlive/texmf-dist/tex/latex/psnfss/omxztmcm.fd
File: omxztmcm.fd 2000/01/03 Fontinst v1.801 font definitions for OMX/ztmcm.
)
LaTeX Font Info:    Trying to load font information for OT1+ptm on input line 22.
 (/usr/share/texlive/texmf-dist/tex/latex/psnfss/ot1ptm.fd
File: ot1ptm.fd 2001/06/04 font definitions for OT1/ptm.
)
LaTeX Font Info:    Font shape `OT1/ptm/bx/n' in size <20> not available
(Font)              Font shape `OT1/ptm/b/n' tried instead on input line 22.
LaTeX Font Info:    Font shape `OT1/ptm/bx/n' in size <14.80011> not available
(Font)              Font shape `OT1/ptm/b/n' tried instead on input line 22.
LaTeX Font Info:    Font shape `OT1/ptm/bx/n' in size <12.00012> not available
(Font)              Font shape `OT1/ptm/b/n' tried instead on input line 22.

Overfull \hbox (23.99998pt too wide) in alignment at lines 22--22
 [] [] 
 []

[1

{/var/lib/texmf/fonts/map/pdftex/updmap/pdftex.map} <./defs/WAT.png>]
Underfull \hbox (badness 10000) in paragraph at lines 22--22

 []

LaTeX Font Info:    Calculating math sizes for size <14> on input line 22.
LaTeX Font Info:    Font shape `OT1/ptm/bx/n' in size <14> not available
(Font)              Font shape `OT1/ptm/b/n' tried instead on input line 22.
LaTeX Font Info:    Font shape `OT1/ptm/bx/n' in size <10.36008> not available
(Font)              Font shape `OT1/ptm/b/n' tried instead on input line 22.
LaTeX Font Info:    Font shape `OT1/ptm/bx/n' in size <8.40009> not available
(Font)              Font shape `OT1/ptm/b/n' tried instead on input line 22.

Underfull \hbox (badness 10000) in paragraph at lines 22--22

 []

[2

]

Class scrartcl Warning: Incompatible usage of \@ssect detected.
(scrartcl)              You've used the KOMA-Script implementation of \@ssect
(scrartcl)              from within a non compatible caller, that does not
(scrartcl)              \scr@s@ct@@nn@m@ locally.
(scrartcl)              This could result in several error messages on input line 22.

LaTeX Font Info:    Trying to load font information for T1+cmss on input line 22.
(/usr/share/texlive/texmf-dist/tex/latex/base/t1cmss.fd
File: t1cmss.fd 2019/12/16 v2.5j Standard LaTeX font definitions
)

LaTeX Font Warning: Font shape `T1/cmss/m/n' in size <18.72003> not available
(Font)              size <17.28> substituted on input line 22.


LaTeX Font Warning: Font shape `T1/cmss/bx/n' in size <18.72003> not available
(Font)              size <17.28> substituted on input line 22.

(/home/kajkitsu/praca_magisterska/praca2.toc
LaTeX Font Info:    Font shape `OT1/ptm/bx/n' in size <12> not available
(Font)              Font shape `OT1/ptm/b/n' tried instead on input line 2.
LaTeX Font Info:    Font shape `OT1/ptm/bx/n' in size <9> not available
(Font)              Font shape `OT1/ptm/b/n' tried instead on input line 2.
LaTeX Font Info:    Font shape `OT1/ptm/bx/n' in size <7> not available
(Font)              Font shape `OT1/ptm/b/n' tried instead on input line 2.
LaTeX Font Info:    Calculating math sizes for size <11> on input line 4.
LaTeX Font Info:    Font shape `OT1/ptm/bx/n' in size <11> not available
(Font)              Font shape `OT1/ptm/b/n' tried instead on input line 4.
LaTeX Font Info:    Font shape `OT1/ptm/bx/n' in size <8.14006> not available
(Font)              Font shape `OT1/ptm/b/n' tried instead on input line 4.
LaTeX Font Info:    Font shape `OT1/ptm/bx/n' in size <6.60007> not available
(Font)              Font shape `OT1/ptm/b/n' tried instead on input line 4.

Overfull \hbox (2.41664pt too wide) detected at line 28
\T1/ptm/m/n/11 III.1.  
 []


Overfull \hbox (2.41664pt too wide) detected at line 29
\T1/ptm/m/n/11 III.2.  
 []


Overfull \hbox (2.41664pt too wide) detected at line 30
\T1/ptm/m/n/11 III.3.  
 []


Overfull \hbox (2.41664pt too wide) detected at line 37
\T1/ptm/m/n/11 III.4.  
 []


Overfull \hbox (2.41664pt too wide) detected at line 38
\T1/ptm/m/n/11 III.5.  
 []


Overfull \hbox (2.41664pt too wide) detected at line 39
\T1/ptm/m/n/11 III.6.  
 []


Overfull \hbox (2.41664pt too wide) detected at line 40
\T1/ptm/m/n/11 III.7.  
 []


Overfull \hbox (2.41664pt too wide) detected at line 42
\T1/ptm/m/n/11 III.8.  
 []


Overfull \hbox (0.28336pt too wide) detected at line 47
\T1/ptm/m/n/12 Rozdziaª VI.  
 []


Overfull \hbox (3.0327pt too wide) detected at line 48
\T1/ptm/m/n/11 VI.1.  
 []


Overfull \hbox (3.0327pt too wide) detected at line 49
\T1/ptm/m/n/11 VI.2.  
 []


Underfull \vbox (badness 10000) has occurred while \output is active []

 [3])
\tf@toc=\write4
\openout4 = `praca2.toc'.

 [4]

Class scrartcl Warning: Incompatible usage of \@ssect detected.
(scrartcl)              You've used the KOMA-Script implementation of \@ssect
(scrartcl)              from within a non compatible caller, that does not
(scrartcl)              \scr@s@ct@@nn@m@ locally.
(scrartcl)              This could result in several error messages on input line 24.

[5]

LaTeX Font Warning: Font shape `T1/cmss/m/n' in size <15.59996> not available
(Font)              size <14.4> substituted on input line 34.


LaTeX Font Warning: Font shape `T1/cmss/bx/n' in size <15.59996> not available
(Font)              size <14.4> substituted on input line 34.

[6

]

LaTeX Font Warning: Font shape `T1/cmss/m/n' in size <13> not available
(Font)              size <12> substituted on input line 50.


LaTeX Font Warning: Font shape `T1/cmss/bx/n' in size <13> not available
(Font)              size <12> substituted on input line 50.

LaTeX Font Info:    Trying to load font information for TS1+ptm on input line 53.
(/usr/share/texlive/texmf-dist/tex/latex/psnfss/ts1ptm.fd
File: ts1ptm.fd 2001/06/04 font definitions for TS1/ptm.
) [7]
LaTeX Font Info:    Calculating math sizes for size <13> on input line 88.
LaTeX Font Info:    Font shape `OT1/ptm/bx/n' in size <13> not available
(Font)              Font shape `OT1/ptm/b/n' tried instead on input line 88.
LaTeX Font Info:    Font shape `OT1/ptm/bx/n' in size <9.62007> not available
(Font)              Font shape `OT1/ptm/b/n' tried instead on input line 88.
LaTeX Font Info:    Font shape `OT1/ptm/bx/n' in size <7.80008> not available
(Font)              Font shape `OT1/ptm/b/n' tried instead on input line 88.
 [8] [9]
Overfull \hbox (3.95947pt too wide) in paragraph at lines 147--148
 \T1/ptm/m/n/13 Za-równo LoRa jak i NB-IoT na-le»¡ do wspo-mnia-nej wcze-±niej tech-no-logi LPWAN.
 []

[10]
<./Obrazy/dji-tello.jpg, id=149, 264.99pt x 144.0582pt>
File: ./Obrazy/dji-tello.jpg Graphic file (type jpg)
<use ./Obrazy/dji-tello.jpg>
Package pdftex.def Info: ./Obrazy/dji-tello.jpg  used on input line 160.
(pdftex.def)             Requested size: 284.52756pt x 154.69026pt.
LaTeX Font Info:    Font shape `OT1/ptm/bx/n' in size <10> not available
(Font)              Font shape `OT1/ptm/b/n' tried instead on input line 162.
LaTeX Font Info:    Font shape `OT1/ptm/bx/n' in size <7.4> not available
(Font)              Font shape `OT1/ptm/b/n' tried instead on input line 162.
LaTeX Font Info:    Font shape `OT1/ptm/bx/n' in size <6> not available
(Font)              Font shape `OT1/ptm/b/n' tried instead on input line 162.
 [11 <./Obrazy/dji-tello.jpg>]
<./Obrazy/dji-google.png, id=164, 451.6875pt x 225.84375pt>
File: ./Obrazy/dji-google.png Graphic file (type png)
<use ./Obrazy/dji-google.png>
Package pdftex.def Info: ./Obrazy/dji-google.png  used on input line 183.
(pdftex.def)             Requested size: 227.62204pt x 113.81412pt.
<./Obrazy/dji-air-unit.png, id=166, 700.6175pt x 633.36626pt>
File: ./Obrazy/dji-air-unit.png Graphic file (type png)
<use ./Obrazy/dji-air-unit.png>
Package pdftex.def Info: ./Obrazy/dji-air-unit.png  used on input line 191.
(pdftex.def)             Requested size: 227.62204pt x 205.77394pt.
 [12]
<./Obrazy/dji-phantom-v2.jpg, id=177, 752.8125pt x 460.72125pt>
File: ./Obrazy/dji-phantom-v2.jpg Graphic file (type jpg)
<use ./Obrazy/dji-phantom-v2.jpg>
Package pdftex.def Info: ./Obrazy/dji-phantom-v2.jpg  used on input line 203.
(pdftex.def)             Requested size: 227.62204pt x 139.30708pt.
<./Obrazy/dji-rc-plus.png, id=179, 616.3025pt x 586.19pt>
File: ./Obrazy/dji-rc-plus.png Graphic file (type png)
<use ./Obrazy/dji-rc-plus.png>
Package pdftex.def Info: ./Obrazy/dji-rc-plus.png  used on input line 211.
(pdftex.def)             Requested size: 227.62204pt x 216.49335pt.
 [13 <./Obrazy/dji-google.png> <./Obrazy/dji-air-unit.png>] [14 <./Obrazy/dji-phantom-v2.jpg> <./Obrazy/dji-rc-plus.png>]
<./Obrazy/ocusync_spectrum_1.png, id=200, 604.2575pt x 422.57875pt>
File: ./Obrazy/ocusync_spectrum_1.png Graphic file (type png)
<use ./Obrazy/ocusync_spectrum_1.png>
Package pdftex.def Info: ./Obrazy/ocusync_spectrum_1.png  used on input line 226.
(pdftex.def)             Requested size: 398.33858pt x 278.57397pt.
<./Obrazy/ocusync_spectrum_2.png, id=202, 577.15625pt x 203.76125pt>
File: ./Obrazy/ocusync_spectrum_2.png Graphic file (type png)
<use ./Obrazy/ocusync_spectrum_2.png>
Package pdftex.def Info: ./Obrazy/ocusync_spectrum_2.png  used on input line 233.
(pdftex.def)             Requested size: 398.33858pt x 140.63582pt.
<./Obrazy/ocusync_vs_lightbridge.png, id=204, 588.1975pt x 337.26pt>
File: ./Obrazy/ocusync_vs_lightbridge.png Graphic file (type png)
<use ./Obrazy/ocusync_vs_lightbridge.png>
Package pdftex.def Info: ./Obrazy/ocusync_vs_lightbridge.png  used on input line 241.
(pdftex.def)             Requested size: 398.33858pt x 228.39716pt.
 [15 <./Obrazy/ocusync_spectrum_1.png> <./Obrazy/ocusync_spectrum_2.png>]
Overfull \hbox (4.70103pt too wide) in paragraph at lines 252--253
 \T1/ptm/m/n/13 Prze-szu-ku-j¡c in-ter-net w po-szu-ki-wa-niu bez-za-ªo-go-wych stat-ków po-wietrz-nych umo»-
 []

[16 <./Obrazy/ocusync_vs_lightbridge.png>] [17] [18] [19] [20] [21] [22] (/usr/share/texlive/texmf-dist/tex/latex/listings/lstlang1.sty
File: lstlang1.sty 2019/09/10 1.8c listings language file
) (/usr/share/texlive/texmf-dist/tex/latex/listings/lstlang2.sty
File: lstlang2.sty 2019/09/10 1.8c listings language file
) (/usr/share/texlive/texmf-dist/tex/latex/listings/lstlang3.sty
File: lstlang3.sty 2019/09/10 1.8c listings language file
)
LaTeX Font Info:    Trying to load font information for T1+pcr on input line 375.
 (/usr/share/texlive/texmf-dist/tex/latex/psnfss/t1pcr.fd
File: t1pcr.fd 2001/06/04 font definitions for T1/pcr.
)
Package hyperref Info: bookmark level for unknown algorithm defaults to 0 on input line 384.
LaTeX Info: Symbol \textleftarrow not provided by
            font family pcr in TS1 encoding.
            Default family used instead on input line 390.
LaTeX Font Info:    Trying to load font information for T1+cmtt on input line 390.
 (/usr/share/texlive/texmf-dist/tex/latex/base/t1cmtt.fd
File: t1cmtt.fd 2019/12/16 v2.5j Standard LaTeX font definitions
)

LaTeX Font Warning: Font shape `T1/cmtt/m/n' in size <13> not available
(Font)              size <12> substituted on input line 390.

LaTeX Font Info:    Trying to load font information for TS1+cmtt on input line 390.
(/usr/share/texlive/texmf-dist/tex/latex/base/ts1cmtt.fd
File: ts1cmtt.fd 2019/12/16 v2.5j Standard LaTeX font definitions
)

LaTeX Font Warning: Font shape `TS1/cmtt/m/n' in size <13> not available
(Font)              size <12> substituted on input line 390.

LaTeX Info: Symbol \textleftarrow not provided by
            font family pcr in TS1 encoding.
            Default family used instead on input line 390.
LaTeX Info: Symbol \textleftarrow not provided by
            font family pcr in TS1 encoding.
            Default family used instead on input line 392.
LaTeX Info: Symbol \textleftarrow not provided by
            font family pcr in TS1 encoding.
            Default family used instead on input line 392.
LaTeX Info: Symbol \textleftarrow not provided by
            font family pcr in TS1 encoding.
            Default family used instead on input line 393.
LaTeX Info: Symbol \textleftarrow not provided by
            font family pcr in TS1 encoding.
            Default family used instead on input line 393.
LaTeX Info: Symbol \textleftarrow not provided by
            font family pcr in TS1 encoding.
            Default family used instead on input line 395.
LaTeX Info: Symbol \textleftarrow not provided by
            font family pcr in TS1 encoding.
            Default family used instead on input line 395.
LaTeX Info: Symbol \textleftarrow not provided by
            font family pcr in TS1 encoding.
            Default family used instead on input line 396.
LaTeX Info: Symbol \textleftarrow not provided by
            font family pcr in TS1 encoding.
            Default family used instead on input line 396.
LaTeX Info: Symbol \textleftarrow not provided by
            font family pcr in TS1 encoding.
            Default family used instead on input line 397.
LaTeX Info: Symbol \textleftarrow not provided by
            font family pcr in TS1 encoding.
            Default family used instead on input line 397.
LaTeX Info: Symbol \textleftarrow not provided by
            font family pcr in TS1 encoding.
            Default family used instead on input line 398.
LaTeX Info: Symbol \textleftarrow not provided by
            font family pcr in TS1 encoding.
            Default family used instead on input line 398.
[23] [24]

Class scrartcl Warning: Incompatible usage of \@ssect detected.
(scrartcl)              You've used the KOMA-Script implementation of \@ssect
(scrartcl)              from within a non compatible caller, that does not
(scrartcl)              \scr@s@ct@@nn@m@ locally.
(scrartcl)              This could result in several error messages on input line 417.

[25

]

Class scrartcl Warning: Incompatible usage of \@ssect detected.
(scrartcl)              You've used the KOMA-Script implementation of \@ssect
(scrartcl)              from within a non compatible caller, that does not
(scrartcl)              \scr@s@ct@@nn@m@ locally.
(scrartcl)              This could result in several error messages on input line 421.


Underfull \hbox (badness 10000) in paragraph at lines 425--427
[]\T1/ptm/m/n/13 ``NB-IoT vs Lora'' []$https : / / ubidots . com / blog / lorawan-[]vs-[]nb-[]iot /
 []


Underfull \hbox (badness 1286) in paragraph at lines 443--445
\T1/ptm/m/n/13 tolerant Se-rvi-ces, IEEE, 2019'' []$https : / / ieeexplore . ieee . org / document / 8768871$[]
 []


Underfull \hbox (badness 1975) in paragraph at lines 463--465
[]\T1/ptm/m/n/13 ``DJI Li-ght-bridge2'', []$https : / / www . dji . com / pl / lightbridge-[]2 / info # specs$[] [do-st¦p:
 []


Underfull \hbox (badness 1946) in paragraph at lines 467--469
[]\T1/ptm/m/n/13 ``Wikipedia: OFDM'', []$https : / / pl . wikipedia . org / wiki / OFDM$[] [do-st¦p: 20-04-
 []

[26

]
Underfull \hbox (badness 10000) in paragraph at lines 489--490
[]\T1/ptm/m/n/13 https://azure.microsoft.com/pl-pl/overview/machine-learning-
 []

[27]

Class scrartcl Warning: Incompatible usage of \@ssect detected.
(scrartcl)              You've used the KOMA-Script implementation of \@ssect
(scrartcl)              from within a non compatible caller, that does not
(scrartcl)              \scr@s@ct@@nn@m@ locally.
(scrartcl)              This could result in several error messages on input line 496.

(/home/kajkitsu/praca_magisterska/praca2.lof)
\tf@lof=\write5
\openout5 = `praca2.lof'.



Class scrartcl Warning: Incompatible usage of \@ssect detected.
(scrartcl)              You've used the KOMA-Script implementation of \@ssect
(scrartcl)              from within a non compatible caller, that does not
(scrartcl)              \scr@s@ct@@nn@m@ locally.
(scrartcl)              This could result in several error messages on input line 499.

(/home/kajkitsu/praca_magisterska/praca2.lot)
\tf@lot=\write6
\openout6 = `praca2.lot'.

 [28

]

Class scrartcl Warning: Incompatible usage of \@ssect detected.
(scrartcl)              You've used the KOMA-Script implementation of \@ssect
(scrartcl)              from within a non compatible caller, that does not
(scrartcl)              \scr@s@ct@@nn@m@ locally.
(scrartcl)              This could result in several error messages on input line 502.

Package atveryend Info: Empty hook `BeforeClearDocument' on input line 515.
[29

]
Package atveryend Info: Empty hook `AfterLastShipout' on input line 515.
 (/home/kajkitsu/praca_magisterska/praca2.aux)
Package atveryend Info: Executing hook `AtVeryEndDocument' on input line 515.
Package atveryend Info: Executing hook `AtEndAfterFileList' on input line 515.
Package rerunfilecheck Info: File `praca2.out' has not changed.
(rerunfilecheck)             Checksum: D41D8CD98F00B204E9800998ECF8427E;0.


LaTeX Font Warning: Size substitutions with differences
(Font)              up to 1.44003pt have occurred.

 ) 
Here is how much of TeX's memory you used:
 15850 strings out of 482570
 261742 string characters out of 5949293
 829868 words of memory out of 5000000
 30407 multiletter control sequences out of 15000+600000
 662653 words of font info for 247 fonts, out of 8000000 for 9000
 370 hyphenation exceptions out of 8191
 51i,15n,58p,10165b,1407s stack positions out of 5000i,500n,10000p,200000b,80000s
{/usr/share/texmf/fonts/enc/dvips/cm-super/cm-super-ts1.enc}{/usr/share/texlive/texmf-dist/fonts/enc/dvips/base/8r.enc}</usr/share/texlive/texmf-dist/fonts/type1/public/amsfonts/cm/cmmi10.pfb></usr/share/texlive/texmf-dist/fonts/type1/public/amsfonts/cm/cmr10.pfb></usr/share/texlive/texmf-dist/fonts/type1/public/amsfonts/cm/cmsy10.pfb></usr/share/texmf/fonts/type1/public/cm-super/sftt1200.pfb></usr/share/texlive/texmf-dist/fonts/type1/urw/courier/ucrr8a.pfb></usr/share/texlive/texmf-dist/fonts/type1/urw/symbol/usyr.pfb></usr/share/texlive/texmf-dist/fonts/type1/urw/times/utmb8a.pfb></usr/share/texlive/texmf-dist/fonts/type1/urw/times/utmr8a.pfb></usr/share/texlive/texmf-dist/fonts/type1/urw/times/utmri8a.pfb>
Output written on /home/kajkitsu/praca_magisterska/praca2.pdf (29 pages, 1263557 bytes).
PDF statistics:
 510 PDF objects out of 1000 (max. 8388607)
 447 compressed objects within 5 object streams
 135 named destinations out of 1000 (max. 500000)
 302 words of extra memory for PDF output out of 10000 (max. 10000000)

