\BOOKMARK [0][-]{chapter*.2}{Wstep}{}% 1
\BOOKMARK [0][-]{chapter.1}{Prezentacja zagadnienia bezpilotowych statk\363w latajacych oraz koncepcji ich wykorzystania}{}% 2
\BOOKMARK [1][-]{section.1.1}{Historia BSP}{chapter.1}% 3
\BOOKMARK [1][-]{section.1.2}{Technologia i producenci BSP}{chapter.1}% 4
\BOOKMARK [1][-]{section.1.3}{Zastosowania BSP}{chapter.1}% 5
\BOOKMARK [1][-]{section.1.4}{Dostosowywanie drona do wymagan uzytkownika}{chapter.1}% 6
\BOOKMARK [0][-]{chapter.2}{Przeglad i prezentacja technologii mobilnych z uwzglednieniem aspekt\363w tworzenia aplikacji i komunikacji M2M}{}% 7
\BOOKMARK [1][-]{section.2.1}{Komunikacja M2M}{chapter.2}% 8
\BOOKMARK [2][-]{subsection.2.1.1}{Cel}{section.2.1}% 9
\BOOKMARK [2][-]{subsection.2.1.2}{Wymagania}{section.2.1}% 10
\BOOKMARK [1][-]{section.2.2}{Technologie komunikacji M2M}{chapter.2}% 11
\BOOKMARK [2][-]{subsection.2.2.1}{Og\363lna klasyfikacja technolgi M2M}{section.2.2}% 12
\BOOKMARK [2][-]{subsection.2.2.2}{LoRa}{section.2.2}% 13
\BOOKMARK [2][-]{subsection.2.2.3}{Narow band IoT}{section.2.2}% 14
\BOOKMARK [2][-]{subsection.2.2.4}{NB-IoT vs Lora}{section.2.2}% 15
\BOOKMARK [1][-]{section.2.3}{Komunikacja bezprzewodowa w dronach konsumenckich}{chapter.2}% 16
\BOOKMARK [2][-]{subsection.2.3.1}{WiFi}{section.2.3}% 17
\BOOKMARK [2][-]{subsection.2.3.2}{Lightbridge}{section.2.3}% 18
\BOOKMARK [2][-]{subsection.2.3.3}{OcuSync}{section.2.3}% 19
\BOOKMARK [2][-]{subsection.2.3.4}{FHSS i OFDM}{section.2.3}% 20
\BOOKMARK [2][-]{subsection.2.3.5}{Przewaga OcuSync nad Lightbridge}{section.2.3}% 21
\BOOKMARK [1][-]{section.2.4}{Sterowanie dronami za pomoca API dostarczaonego od producenta}{chapter.2}% 22
\BOOKMARK [2][-]{subsection.2.4.1}{DJI SDK}{section.2.4}% 23
\BOOKMARK [0][-]{chapter.3}{Projekt mobilnego systemu zarzadzania i sterowania BSP}{}% 24
\BOOKMARK [1][-]{section.3.1}{Wymagania funkcjonalne}{chapter.3}% 25
\BOOKMARK [1][-]{section.3.2}{Wymagania pozafunkcjonalne}{chapter.3}% 26
\BOOKMARK [1][-]{section.3.3}{Stos technologiczny}{chapter.3}% 27
\BOOKMARK [2][-]{subsection.3.3.1}{Java}{section.3.3}% 28
\BOOKMARK [2][-]{subsection.3.3.2}{Kotlin}{section.3.3}% 29
\BOOKMARK [2][-]{subsection.3.3.3}{DJI Mobile SDK}{section.3.3}% 30
\BOOKMARK [2][-]{subsection.3.3.4}{Lombook}{section.3.3}% 31
\BOOKMARK [2][-]{subsection.3.3.5}{Springboot}{section.3.3}% 32
\BOOKMARK [2][-]{subsection.3.3.6}{Android}{section.3.3}% 33
\BOOKMARK [1][-]{section.3.4}{Uzasadnienie warstwy posredniczacej}{chapter.3}% 34
\BOOKMARK [1][-]{section.3.5}{Wysokopoziomowy diagram systemu}{chapter.3}% 35
\BOOKMARK [1][-]{section.3.6}{Diagram komponent\363w}{chapter.3}% 36
\BOOKMARK [1][-]{section.3.7}{Diagram klas i sekwencji}{chapter.3}% 37
\BOOKMARK [2][-]{subsection.3.7.1}{Gradle}{section.3.7}% 38
\BOOKMARK [1][-]{section.3.8}{Wykorzystane urzadzenia}{chapter.3}% 39
\BOOKMARK [0][-]{chapter.4}{Implementacja systemu}{}% 40
\BOOKMARK [0][-]{chapter.5}{Testy systemu oraz prezentacja uzycia na wybranym case study}{}% 41
\BOOKMARK [1][-]{section.5.1}{Scenariusz testowy autonomicznego lotu pomiedzy dwoma punktami}{chapter.5}% 42
\BOOKMARK [1][-]{section.5.2}{Scenariusz testowy autonomicznego lotu patrolowego}{chapter.5}% 43
